<?xml version="1.0" encoding="UTF-8"?>
<testsuite name="me.myshows.SimpleTest" tests="7" skipped="0" failures="0" errors="0" timestamp="2022-05-19T23:10:29" hostname="WIN-90LPRTI5EI9" time="10.932">
  <properties/>
  <testcase name="Проверка поиска на сайте myShows по слову Шерлок" classname="me.myshows.SimpleTest" time="5.591"/>
  <testcase name="Проверка поиска на сайте myShows по слову Аватар" classname="me.myshows.SimpleTest" time="0.923"/>
  <testcase name="Проверка поиска на сайте myShows по слову Шерлок, ожидаем результат Мисс Шерлок" classname="me.myshows.SimpleTest" time="1.076"/>
  <testcase name="Проверка поиска на сайте myShows по слову NEWS" classname="me.myshows.SimpleTest" time="0.643"/>
  <testcase name="Проверка поиска на сайте myShows по слову REIT" classname="me.myshows.SimpleTest" time="0.667"/>
  <testcase name="Проверка поиска на сайте myShows по слову Шерлок, ожидаем результат Miss Sherlock" classname="me.myshows.SimpleTest" time="1.075"/>
  <testcase name="Проверка поиска на сайте myShows по слову Аватар, ожидаем результат The King's Avatar" classname="me.myshows.SimpleTest" time="0.923"/>
  <system-out><![CDATA[]]></system-out>
  <system-err><![CDATA[SLF4J: Failed to load class "org.slf4j.impl.StaticLoggerBinder".
SLF4J: Defaulting to no-operation (NOP) logger implementation
SLF4J: See http://www.slf4j.org/codes.html#StaticLoggerBinder for further details.
Starting ChromeDriver 101.0.4951.41 (93c720db8323b3ec10d056025ab95c23a31997c9-refs/branch-heads/4951@{#904}) on port 58761
Only local connections are allowed.
Please see https://chromedriver.chromium.org/security-considerations for suggestions on keeping ChromeDriver safe.
ChromeDriver was started successfully.
мая 20, 2022 4:10:31 AM org.openqa.selenium.remote.ProtocolHandshake createSession
INFO: Detected dialect: W3C
мая 20, 2022 4:10:31 AM org.openqa.selenium.devtools.CdpVersionFinder findNearestMatch
WARNING: Unable to find an exact match for CDP version 101, so returning the closest version found: 99
мая 20, 2022 4:10:31 AM org.openqa.selenium.devtools.CdpVersionFinder findNearestMatch
INFO: Found CDP implementation for version 101 of 99
]]></system-err>
</testsuite>
